<?xml version="1.0" encoding="UTF-8"?>
<!-- Generated by org.testng.reporters.JUnitReportReporter -->
<testsuite hostname="Rajus-MacBook-Pro.local" failures="0" tests="1" name="com.upgrade.tests.LoanOffersUITest" time="23.478" errors="0" timestamp="2021-08-21T17:09:47 EDT" skipped="0">
  <testcase classname="com.upgrade.tests.LoanOffersUITest" name="validateOffersTest" time="23.478"/>
  <system-out>
2021-08-21 17:09:26 INFO  LandingPage:38 - Navigate to - https://www.credify.tech/funnel/nonDMFunnel
<p> 2021-08-21 17:09:28 INFO  BasePage:69 - Looking for mandatory elements on the page
<p> 2021-08-21 17:09:28 INFO  BasePage:37 - Setting desiredAmount to value 6815
<p> 2021-08-21 17:09:29 INFO  BasePage:65 - Selected Home Improvement from the dropdown
<p> 2021-08-21 17:09:29 INFO  BasePage:147 - Clicking On: CheckYourRate
<p> 2021-08-21 17:09:29 INFO  BasePage:69 - Looking for mandatory elements on the page
<p> 2021-08-21 17:09:29 INFO  BasePage:37 - Setting borrowerFirstName to value Monroe
<p> 2021-08-21 17:09:29 INFO  BasePage:37 - Setting borrowerLastName to value Schinner
<p> 2021-08-21 17:09:30 INFO  BasePage:37 - Setting borrowerStreet to value 7289 Heathcote Shore
<p> 2021-08-21 17:09:31 INFO  BasePage:147 - Clicking On: borrowerFirstName
<p> 2021-08-21 17:09:31 INFO  BasePage:37 - Setting borrowerCity to value Port Denny
<p> 2021-08-21 17:09:31 INFO  BasePage:37 - Setting borrowerState to value CA
<p> 2021-08-21 17:09:31 INFO  BasePage:37 - Setting borrowerZipCode to value 01899
<p> 2021-08-21 17:09:31 INFO  BasePage:37 - Setting borrowerDateOfBirth to value 02201959
<p> 2021-08-21 17:09:31 INFO  BasePage:147 - Clicking On: continuePersonalInfo
<p> 2021-08-21 17:09:32 INFO  BasePage:69 - Looking for mandatory elements on the page
<p> 2021-08-21 17:09:32 INFO  BasePage:37 - Setting borrowerIncome to value 165915
<p> 2021-08-21 17:09:32 INFO  BasePage:147 - Clicking On: borrowerAdditionalIncome
<p> 2021-08-21 17:09:32 INFO  BasePage:37 - Setting borrowerAdditionalIncome to value 6489
<p> 2021-08-21 17:09:32 INFO  BasePage:147 - Clicking On: continuePersonalInfo
<p> 2021-08-21 17:09:32 INFO  BasePage:69 - Looking for mandatory elements on the page
<p> 2021-08-21 17:09:32 INFO  BasePage:37 - Setting username to value coding.16486298@upgrade-challenge.com
<p> 2021-08-21 17:09:32 INFO  BasePage:37 - Setting password to value System@987
<p> 2021-08-21 17:09:33 INFO  BasePage:147 - Clicking On: agreements
<p> 2021-08-21 17:09:33 INFO  BasePage:100 - Waiting for spinner to appear
<p> 2021-08-21 17:09:33 INFO  BasePage:147 - Clicking On: submitPersonalInfo
<p> 2021-08-21 17:09:33 INFO  BasePage:69 - Looking for mandatory elements on the page
<p> 2021-08-21 17:09:39 INFO  SelectOfferPage:41 - Great news, here are your offers!
<p> 2021-08-21 17:09:39 INFO  SelectOfferPage:42 - 6,815
<p> 2021-08-21 17:09:39 INFO  SelectOfferPage:43 - 6,815
<p> 2021-08-21 17:09:39 INFO  BasePage:147 - Clicking On: header-nav__toggle
<p> 2021-08-21 17:09:40 INFO  BasePage:147 - Clicking On: Sign Out
<p> 2021-08-21 17:09:40 INFO  BasePage:69 - Looking for mandatory elements on the page
<p> 2021-08-21 17:09:40 INFO  SignInPage:58 - Navigate to - https://www.credify.tech/portal/login
<p> 2021-08-21 17:09:41 INFO  BasePage:69 - Looking for mandatory elements on the page
<p> 2021-08-21 17:09:41 INFO  BasePage:37 - Setting username to value coding.16486298@upgrade-challenge.com
<p> 2021-08-21 17:09:41 INFO  BasePage:37 - Setting password to value System@987
<p> 2021-08-21 17:09:41 INFO  BasePage:147 - Clicking On: login
<p> 2021-08-21 17:09:46 INFO  BasePage:100 - Waiting for spinner to appear
<p> 2021-08-21 17:09:46 INFO  BasePage:69 - Looking for mandatory elements on the page
<p> 2021-08-21 17:09:46 INFO  BasePage:147 - Clicking On: header-nav__toggle
<p> 2021-08-21 17:09:47 INFO  BasePage:147 - Clicking On: Sign Out
<p> 2021-08-21 17:09:47 INFO  BasePage:69 - Looking for mandatory elements on the page
<p> 2021-08-21 17:09:47 INFO  LoanOffersUITest:49 - Success
<p>  </system-out>
</testsuite> <!-- com.upgrade.tests.LoanOffersUITest -->
