<?xml version="1.0" encoding="UTF-8"?>
<!-- Generated by org.testng.reporters.JUnitReportReporter -->
<testsuite hostname="Rajus-MacBook-Pro.local" failures="0" tests="2" name="com.upgrade.tests.LeadSecretApiTest" time="2.249" errors="0" timestamp="2021-08-21T18:49:09 EDT" skipped="0">
  <testcase classname="com.upgrade.tests.LeadSecretApiTest" name="validleadSecretTest" time="0.966"/>
  <system-out>
2021-08-21 18:49:08 INFO  ApiRequest:22 - Calling POST: https://credapi.credify.tech/api/brfunnelorch/v2/resume/byLeadSecret
<p> 2021-08-21 18:49:09 INFO  LeadSecretApiTest:43 - Valid Status Code : 200
<p>  </system-out>
  <testcase classname="com.upgrade.tests.LeadSecretApiTest" name="InvalidrequestUID" time="1.283"/>
  <system-out>
2021-08-21 18:49:07 INFO  ApiRequest:22 - Calling POST: https://credapi.credify.tech/api/brfunnelorch/v2/resume/byLeadSecret
<p> 2021-08-21 18:49:08 INFO  LeadSecretApiTest:63 - InValid Status Code : 404
<p>  </system-out>
</testsuite> <!-- com.upgrade.tests.LeadSecretApiTest -->
