<?xml version="1.0" encoding="UTF-8"?>
<!-- Generated by org.testng.reporters.JUnitReportReporter -->
<testsuite hostname="Rajus-MacBook-Pro.local" failures="0" tests="1" name="com.upgrade.tests.LoanOffersUITest" time="25.556" errors="0" timestamp="2021-08-21T18:49:09 EDT" skipped="0">
  <testcase classname="com.upgrade.tests.LoanOffersUITest" name="validateOffersTest" time="25.556"/>
  <system-out>
2021-08-21 18:48:44 INFO  LandingPage:38 - Navigate to - https://www.credify.tech/funnel/nonDMFunnel
<p> 2021-08-21 18:48:47 INFO  BasePage:69 - Looking for mandatory elements on the page
<p> 2021-08-21 18:48:47 INFO  BasePage:37 - Setting desiredAmount to value 7973
<p> 2021-08-21 18:48:47 INFO  BasePage:65 - Selected Home Improvement from the dropdown
<p> 2021-08-21 18:48:47 INFO  BasePage:147 - Clicking On: CheckYourRate
<p> 2021-08-21 18:48:47 INFO  BasePage:69 - Looking for mandatory elements on the page
<p> 2021-08-21 18:48:47 INFO  BasePage:37 - Setting borrowerFirstName to value Cliff
<p> 2021-08-21 18:48:48 INFO  BasePage:37 - Setting borrowerLastName to value Abbott
<p> 2021-08-21 18:48:48 INFO  BasePage:37 - Setting borrowerStreet to value 77060 Erick Cape
<p> 2021-08-21 18:48:49 INFO  BasePage:147 - Clicking On: borrowerFirstName
<p> 2021-08-21 18:48:49 INFO  BasePage:37 - Setting borrowerCity to value Lake Earleneport
<p> 2021-08-21 18:48:49 INFO  BasePage:37 - Setting borrowerState to value CA
<p> 2021-08-21 18:48:49 INFO  BasePage:37 - Setting borrowerZipCode to value 76982
<p> 2021-08-21 18:48:50 INFO  BasePage:37 - Setting borrowerDateOfBirth to value 05172003
<p> 2021-08-21 18:48:50 INFO  BasePage:147 - Clicking On: continuePersonalInfo
<p> 2021-08-21 18:48:50 INFO  BasePage:69 - Looking for mandatory elements on the page
<p> 2021-08-21 18:48:50 INFO  BasePage:37 - Setting borrowerIncome to value 154266
<p> 2021-08-21 18:48:50 INFO  BasePage:147 - Clicking On: borrowerAdditionalIncome
<p> 2021-08-21 18:48:50 INFO  BasePage:37 - Setting borrowerAdditionalIncome to value 8082
<p> 2021-08-21 18:48:50 INFO  BasePage:147 - Clicking On: continuePersonalInfo
<p> 2021-08-21 18:48:50 INFO  BasePage:69 - Looking for mandatory elements on the page
<p> 2021-08-21 18:48:51 INFO  BasePage:37 - Setting username to value coding.17895187@upgrade-challenge.com
<p> 2021-08-21 18:48:51 INFO  BasePage:37 - Setting password to value System@987
<p> 2021-08-21 18:48:51 INFO  BasePage:147 - Clicking On: agreements
<p> 2021-08-21 18:48:51 INFO  BasePage:100 - Waiting for spinner to appear
<p> 2021-08-21 18:48:51 INFO  BasePage:147 - Clicking On: submitPersonalInfo
<p> 2021-08-21 18:48:51 INFO  BasePage:69 - Looking for mandatory elements on the page
<p> 2021-08-21 18:48:59 INFO  SelectOfferPage:41 - Great news, here are your offers!
<p> 2021-08-21 18:48:59 INFO  SelectOfferPage:42 - 7,970
<p> 2021-08-21 18:48:59 INFO  SelectOfferPage:43 - 7,970
<p> 2021-08-21 18:48:59 INFO  BasePage:147 - Clicking On: header-nav__toggle
<p> 2021-08-21 18:49:00 INFO  BasePage:147 - Clicking On: Sign Out
<p> 2021-08-21 18:49:01 INFO  BasePage:69 - Looking for mandatory elements on the page
<p> 2021-08-21 18:49:01 INFO  SignInPage:58 - Navigate to - https://www.credify.tech/portal/login
<p> 2021-08-21 18:49:01 INFO  BasePage:69 - Looking for mandatory elements on the page
<p> 2021-08-21 18:49:02 INFO  BasePage:37 - Setting username to value coding.17895187@upgrade-challenge.com
<p> 2021-08-21 18:49:02 INFO  BasePage:37 - Setting password to value System@987
<p> 2021-08-21 18:49:02 INFO  BasePage:147 - Clicking On: login
<p> 2021-08-21 18:49:06 INFO  BasePage:100 - Waiting for spinner to appear
<p> 2021-08-21 18:49:06 INFO  BasePage:69 - Looking for mandatory elements on the page
<p> 2021-08-21 18:49:06 INFO  BasePage:147 - Clicking On: header-nav__toggle
<p> 2021-08-21 18:49:07 INFO  BasePage:147 - Clicking On: Sign Out
<p> 2021-08-21 18:49:07 INFO  BasePage:69 - Looking for mandatory elements on the page
<p> 2021-08-21 18:49:07 INFO  LoanOffersUITest:49 - Success
<p>  </system-out>
</testsuite> <!-- com.upgrade.tests.LoanOffersUITest -->
